ls: cannot access /home/www/laratemp/releases: No such file or directory
/usr/local/bin/composer
$ git --version
git --version
git version 1.7.9.5
git version 1.7.9.5
/usr/bin/php
/usr/bin/php
/usr/bin/php
$ /usr/bin/php -m
/usr/bin/php -m
[PHP Modules]
apc
apcu
bcmath
bz2
calendar
Core
ctype
curl
date
dba
dom
ereg
exif
fileinfo
filter
ftp
gd
gettext
hash
iconv
imagick
json
libxml
mbstring
mcrypt
mhash
mysql
mysqli
openssl
pcntl
pcre
PDO
pdo_mysql
Phar
posix
Reflection
session
shmop
SimpleXML
soap
sockets
SPL
standard
sysvmsg
sysvsem
sysvshm
tokenizer
wddx
xdebug
xml
xmlreader
xmlwriter
xsl
Zend OPcache
zip
zlib
[Zend Modules]
Xdebug
Zend OPcache